Non-terminaux inutiles dans la grammaire

   T_NAMELIST


Terminaux inutilisés dans la grammaire

   T_CONST
   T_COPEN
   T_CCLOSE
   T_COMMA


Règles inutiles dans la grammaire

   26 T_NAMELIST: T_NAME
   27           | T_NAME T_COMMA T_NAMELIST


La règle est inutile dans l'analyseur à cause de conflits

   21 declare_assignement: T_VAR T_NAME T_EQ T_NAME

   24 assignement: T_NAME T_EQ T_NAME


État 29 conflits: 2 réduction/réduction
État 41 conflits: 2 réduction/réduction
État 44 conflits: 4 décalage/réduction


Grammaire

    0 $accept: start $end

    1 start: T_MAIN T_POPEN T_PCLOSE BLOC

    2 BLOC: T_AOPEN BODY T_ACLOSE

    3 BODY: %empty
    4     | CMD
    5     | CMD T_SEP BODY

    6 CMD: declare_assignement
    7    | declaration
    8    | assignement
    9    | PRINT

   10 OP: T_ADD
   11   | T_SUB
   12   | T_MUL
   13   | T_DIV

   14 EXPR: T_NAME
   15     | T_POPEN EXPR T_PCLOSE
   16     | T_INT
   17     | EXPR OP EXPR
   18     | T_SUB EXPR
   19     | T_ADD EXPR

   20 PRINT: T_PRINTF T_POPEN EXPR T_PCLOSE

   21 declare_assignement: T_VAR T_NAME T_EQ T_NAME
   22                    | T_VAR T_NAME T_EQ EXPR

   23 declaration: T_VAR T_NAME

   24 assignement: T_NAME T_EQ T_NAME
   25            | T_NAME T_EQ EXPR


Terminaux, suivis des règles où ils apparaissent

$end (0) 0
error (256)
T_MAIN (258) 1
T_PRINTF (259) 20
T_CONST (260)
T_VAR (261) 21 22 23
T_ADD (262) 10 19
T_SUB (263) 11 18
T_MUL (264) 12
T_DIV (265) 13
T_EQ (266) 21 22 24 25
T_POPEN (267) 1 15 20
T_PCLOSE (268) 1 15 20
T_AOPEN (269) 2
T_ACLOSE (270) 2
T_COPEN (271)
T_CCLOSE (272)
T_INT (273) 16
T_NAME (274) 14 21 22 23 24 25
T_SEP (275) 5
T_COMMA (276)


Non-terminaux, suivis des règles où ils apparaissent

$accept (22)
    à gauche: 0
start (23)
    à gauche: 1, à droite: 0
BLOC (24)
    à gauche: 2, à droite: 1
BODY (25)
    à gauche: 3 4 5, à droite: 2 5
CMD (26)
    à gauche: 6 7 8 9, à droite: 4 5
OP (27)
    à gauche: 10 11 12 13, à droite: 17
EXPR (28)
    à gauche: 14 15 16 17 18 19, à droite: 15 17 18 19 20 22 25
PRINT (29)
    à gauche: 20, à droite: 9
declare_assignement (30)
    à gauche: 21 22, à droite: 6
declaration (31)
    à gauche: 23, à droite: 7
assignement (32)
    à gauche: 24 25, à droite: 8


État 0

    0 $accept: . start $end

    T_MAIN  décalage et aller à l'état 1

    start  aller à l'état 2


État 1

    1 start: T_MAIN . T_POPEN T_PCLOSE BLOC

    T_POPEN  décalage et aller à l'état 3


État 2

    0 $accept: start . $end

    $end  décalage et aller à l'état 4


État 3

    1 start: T_MAIN T_POPEN . T_PCLOSE BLOC

    T_PCLOSE  décalage et aller à l'état 5


État 4

    0 $accept: start $end .

    $défaut  accepter


État 5

    1 start: T_MAIN T_POPEN T_PCLOSE . BLOC

    T_AOPEN  décalage et aller à l'état 6

    BLOC  aller à l'état 7


État 6

    2 BLOC: T_AOPEN . BODY T_ACLOSE

    T_PRINTF  décalage et aller à l'état 8
    T_VAR     décalage et aller à l'état 9
    T_NAME    décalage et aller à l'état 10

    $défaut  réduction par utilisation de la règle 3 (BODY)

    BODY                 aller à l'état 11
    CMD                  aller à l'état 12
    PRINT                aller à l'état 13
    declare_assignement  aller à l'état 14
    declaration          aller à l'état 15
    assignement          aller à l'état 16


État 7

    1 start: T_MAIN T_POPEN T_PCLOSE BLOC .

    $défaut  réduction par utilisation de la règle 1 (start)


État 8

   20 PRINT: T_PRINTF . T_POPEN EXPR T_PCLOSE

    T_POPEN  décalage et aller à l'état 17


État 9

   21 declare_assignement: T_VAR . T_NAME T_EQ T_NAME
   22                    | T_VAR . T_NAME T_EQ EXPR
   23 declaration: T_VAR . T_NAME

    T_NAME  décalage et aller à l'état 18


État 10

   24 assignement: T_NAME . T_EQ T_NAME
   25            | T_NAME . T_EQ EXPR

    T_EQ  décalage et aller à l'état 19


État 11

    2 BLOC: T_AOPEN BODY . T_ACLOSE

    T_ACLOSE  décalage et aller à l'état 20


État 12

    4 BODY: CMD .
    5     | CMD . T_SEP BODY

    T_SEP  décalage et aller à l'état 21

    $défaut  réduction par utilisation de la règle 4 (BODY)


État 13

    9 CMD: PRINT .

    $défaut  réduction par utilisation de la règle 9 (CMD)


État 14

    6 CMD: declare_assignement .

    $défaut  réduction par utilisation de la règle 6 (CMD)


État 15

    7 CMD: declaration .

    $défaut  réduction par utilisation de la règle 7 (CMD)


État 16

    8 CMD: assignement .

    $défaut  réduction par utilisation de la règle 8 (CMD)


État 17

   20 PRINT: T_PRINTF T_POPEN . EXPR T_PCLOSE

    T_ADD    décalage et aller à l'état 22
    T_SUB    décalage et aller à l'état 23
    T_POPEN  décalage et aller à l'état 24
    T_INT    décalage et aller à l'état 25
    T_NAME   décalage et aller à l'état 26

    EXPR  aller à l'état 27


État 18

   21 declare_assignement: T_VAR T_NAME . T_EQ T_NAME
   22                    | T_VAR T_NAME . T_EQ EXPR
   23 declaration: T_VAR T_NAME .

    T_EQ  décalage et aller à l'état 28

    $défaut  réduction par utilisation de la règle 23 (declaration)


État 19

   24 assignement: T_NAME T_EQ . T_NAME
   25            | T_NAME T_EQ . EXPR

    T_ADD    décalage et aller à l'état 22
    T_SUB    décalage et aller à l'état 23
    T_POPEN  décalage et aller à l'état 24
    T_INT    décalage et aller à l'état 25
    T_NAME   décalage et aller à l'état 29

    EXPR  aller à l'état 30


État 20

    2 BLOC: T_AOPEN BODY T_ACLOSE .

    $défaut  réduction par utilisation de la règle 2 (BLOC)


État 21

    5 BODY: CMD T_SEP . BODY

    T_PRINTF  décalage et aller à l'état 8
    T_VAR     décalage et aller à l'état 9
    T_NAME    décalage et aller à l'état 10

    $défaut  réduction par utilisation de la règle 3 (BODY)

    BODY                 aller à l'état 31
    CMD                  aller à l'état 12
    PRINT                aller à l'état 13
    declare_assignement  aller à l'état 14
    declaration          aller à l'état 15
    assignement          aller à l'état 16


État 22

   19 EXPR: T_ADD . EXPR

    T_ADD    décalage et aller à l'état 22
    T_SUB    décalage et aller à l'état 23
    T_POPEN  décalage et aller à l'état 24
    T_INT    décalage et aller à l'état 25
    T_NAME   décalage et aller à l'état 26

    EXPR  aller à l'état 32


État 23

   18 EXPR: T_SUB . EXPR

    T_ADD    décalage et aller à l'état 22
    T_SUB    décalage et aller à l'état 23
    T_POPEN  décalage et aller à l'état 24
    T_INT    décalage et aller à l'état 25
    T_NAME   décalage et aller à l'état 26

    EXPR  aller à l'état 33


État 24

   15 EXPR: T_POPEN . EXPR T_PCLOSE

    T_ADD    décalage et aller à l'état 22
    T_SUB    décalage et aller à l'état 23
    T_POPEN  décalage et aller à l'état 24
    T_INT    décalage et aller à l'état 25
    T_NAME   décalage et aller à l'état 26

    EXPR  aller à l'état 34


État 25

   16 EXPR: T_INT .

    $défaut  réduction par utilisation de la règle 16 (EXPR)


État 26

   14 EXPR: T_NAME .

    $défaut  réduction par utilisation de la règle 14 (EXPR)


État 27

   17 EXPR: EXPR . OP EXPR
   20 PRINT: T_PRINTF T_POPEN EXPR . T_PCLOSE

    T_ADD     décalage et aller à l'état 35
    T_SUB     décalage et aller à l'état 36
    T_MUL     décalage et aller à l'état 37
    T_DIV     décalage et aller à l'état 38
    T_PCLOSE  décalage et aller à l'état 39

    OP  aller à l'état 40


État 28

   21 declare_assignement: T_VAR T_NAME T_EQ . T_NAME
   22                    | T_VAR T_NAME T_EQ . EXPR

    T_ADD    décalage et aller à l'état 22
    T_SUB    décalage et aller à l'état 23
    T_POPEN  décalage et aller à l'état 24
    T_INT    décalage et aller à l'état 25
    T_NAME   décalage et aller à l'état 41

    EXPR  aller à l'état 42


État 29

   14 EXPR: T_NAME .
   24 assignement: T_NAME T_EQ T_NAME .

    T_ACLOSE  réduction par utilisation de la règle 14 (EXPR)
    T_ACLOSE  [réduction par utilisation de la règle 24 (assignement)]
    T_SEP     réduction par utilisation de la règle 14 (EXPR)
    T_SEP     [réduction par utilisation de la règle 24 (assignement)]
    $défaut  réduction par utilisation de la règle 14 (EXPR)


État 30

   17 EXPR: EXPR . OP EXPR
   25 assignement: T_NAME T_EQ EXPR .

    T_ADD  décalage et aller à l'état 35
    T_SUB  décalage et aller à l'état 36
    T_MUL  décalage et aller à l'état 37
    T_DIV  décalage et aller à l'état 38

    $défaut  réduction par utilisation de la règle 25 (assignement)

    OP  aller à l'état 40


État 31

    5 BODY: CMD T_SEP BODY .

    $défaut  réduction par utilisation de la règle 5 (BODY)


État 32

   17 EXPR: EXPR . OP EXPR
   19     | T_ADD EXPR .

    $défaut  réduction par utilisation de la règle 19 (EXPR)

    OP  aller à l'état 40


État 33

   17 EXPR: EXPR . OP EXPR
   18     | T_SUB EXPR .

    $défaut  réduction par utilisation de la règle 18 (EXPR)

    OP  aller à l'état 40


État 34

   15 EXPR: T_POPEN EXPR . T_PCLOSE
   17     | EXPR . OP EXPR

    T_ADD     décalage et aller à l'état 35
    T_SUB     décalage et aller à l'état 36
    T_MUL     décalage et aller à l'état 37
    T_DIV     décalage et aller à l'état 38
    T_PCLOSE  décalage et aller à l'état 43

    OP  aller à l'état 40


État 35

   10 OP: T_ADD .

    $défaut  réduction par utilisation de la règle 10 (OP)


État 36

   11 OP: T_SUB .

    $défaut  réduction par utilisation de la règle 11 (OP)


État 37

   12 OP: T_MUL .

    $défaut  réduction par utilisation de la règle 12 (OP)


État 38

   13 OP: T_DIV .

    $défaut  réduction par utilisation de la règle 13 (OP)


État 39

   20 PRINT: T_PRINTF T_POPEN EXPR T_PCLOSE .

    $défaut  réduction par utilisation de la règle 20 (PRINT)


État 40

   17 EXPR: EXPR OP . EXPR

    T_ADD    décalage et aller à l'état 22
    T_SUB    décalage et aller à l'état 23
    T_POPEN  décalage et aller à l'état 24
    T_INT    décalage et aller à l'état 25
    T_NAME   décalage et aller à l'état 26

    EXPR  aller à l'état 44


État 41

   14 EXPR: T_NAME .
   21 declare_assignement: T_VAR T_NAME T_EQ T_NAME .

    T_ACLOSE  réduction par utilisation de la règle 14 (EXPR)
    T_ACLOSE  [réduction par utilisation de la règle 21 (declare_assignement)]
    T_SEP     réduction par utilisation de la règle 14 (EXPR)
    T_SEP     [réduction par utilisation de la règle 21 (declare_assignement)]
    $défaut  réduction par utilisation de la règle 14 (EXPR)


État 42

   17 EXPR: EXPR . OP EXPR
   22 declare_assignement: T_VAR T_NAME T_EQ EXPR .

    T_ADD  décalage et aller à l'état 35
    T_SUB  décalage et aller à l'état 36
    T_MUL  décalage et aller à l'état 37
    T_DIV  décalage et aller à l'état 38

    $défaut  réduction par utilisation de la règle 22 (declare_assignement)

    OP  aller à l'état 40


État 43

   15 EXPR: T_POPEN EXPR T_PCLOSE .

    $défaut  réduction par utilisation de la règle 15 (EXPR)


État 44

   17 EXPR: EXPR . OP EXPR
   17     | EXPR OP EXPR .

    T_ADD  décalage et aller à l'état 35
    T_SUB  décalage et aller à l'état 36
    T_MUL  décalage et aller à l'état 37
    T_DIV  décalage et aller à l'état 38

    T_ADD     [réduction par utilisation de la règle 17 (EXPR)]
    T_SUB     [réduction par utilisation de la règle 17 (EXPR)]
    T_MUL     [réduction par utilisation de la règle 17 (EXPR)]
    T_DIV     [réduction par utilisation de la règle 17 (EXPR)]
    $défaut  réduction par utilisation de la règle 17 (EXPR)

    OP  aller à l'état 40
